<?xml version="1.0" encoding="UTF-8"?>
<testsuite name="MultiplierTest" tests="1" skipped="0" failures="0" errors="0" timestamp="2023-09-24T13:08:16" hostname="DESKTOP-LCCA6SE" time="0.03">
  <properties/>
  <testcase name="testMultiply()" classname="MultiplierTest" time="0.03"/>
  <system-out><![CDATA[]]></system-out>
  <system-err><![CDATA[]]></system-err>
</testsuite>
